Cleaning output directory (./../../huawei/hi3660-common/../../../vendor/huawei/hi3660-common/proprietary)..
Extracting 486 files in ./../../huawei/hi3660-common/proprietary-files.txt from ./dump/:
  - vendor/bin/hw/android.hardware.drm@1.1-service.widevine
  - vendor/lib/libwvhidl.so
    + Fixed up vendor/lib/libwvhidl.so
  - vendor/lib/liboemcrypto.so
  - system/bin/tee_auth_daemon
  - system/etc/native_packages.bin
  - system/lib/libc_secshared.so
  - system/lib/libteec_client.so
  - system/lib/libteeclientjni.so
  - system/lib/libtuidaemon.so
  - system/lib64/libc_secshared.so
  - system/lib64/libteec_client.so
  - system/lib64/libteeclientjni.so
  - system/lib64/libtuidaemon.so
  - vendor/bin/32e6a847-ac89-4f81-8a13-f4ae50451d7f.sec
  - vendor/bin/335129cd-41fa-4b53-9797-5ccb202a52d4.sec
  - vendor/bin/4382f063-a6c3-485f-8786-e275512bd2ad.sec
  - vendor/bin/4ae7ba51-2810-4cee-abbe-a42307b4ace3.sec
  - vendor/bin/54ad737b-d84a-46bd-b993-1a90883f66f7.sec
  - vendor/bin/6c8cf255-ca98-439e-a98e-ade64022ecb6.sec
  - vendor/bin/859703f3-3cc5-4e88-b263-08f9ce82e3d0.sec
  - vendor/bin/86310d18-5659-47c9-b212-841a3ca4f814.sec
  - vendor/bin/868ccafb-794b-46c6-b5c4-9f1462de4e02.sec
  - vendor/bin/883890ba-3ef8-4f0b-9c02-f5874acbf2ff.sec
  - vendor/bin/993e26b8-0273-408e-98d3-60c997c37121.sec
  - vendor/bin/9b17660b-8968-4eed-917e-dd32379bd548.sec
  - vendor/bin/CameraDaemon
  - vendor/bin/a3d05777-b0ec-43b0-8887-a7f93697830a.sec
  - vendor/bin/aptouch_daemon
  - vendor/bin/b4b71581-add2-e89f-d536-f35436dc7973.sec
  - vendor/bin/c30917f8-d869-4379-8f46-4ac62be198dd.sec
  - vendor/bin/d77c4d60-d279-4425-afa8-7f94559eae16.sec
  - vendor/bin/e00d7df7-79e5-4507-9d8c-df03d5a7a8a5.sec
  - vendor/bin/e8014913-e501-4d44-a9d6-058ec3b93b90.sec
  - vendor/bin/fd1bbfb2-9a62-4b27-8fdb-a503529076af.sec
  - vendor/bin/fpc_1021_ta.sec
  - vendor/bin/fpc_1021_ta_mha.sec
  - vendor/bin/fpc_1021_ta_sw15.sec
  - vendor/bin/fpc_1022_ta.sec
  - vendor/bin/fpc_1022_ta_sw20.sec
  - vendor/bin/fpc_1023_ta.sec
  - vendor/bin/fpc_1075_ta.sec
  - vendor/bin/fpc_1140_ta.sec
  - vendor/bin/fpc_1140_ta_sw20.sec
  - vendor/bin/fpc_1262_ta.sec
  - vendor/bin/fpc_1265_ta.sec
  - vendor/bin/fpc_1266Z120_ta.sec
  - vendor/bin/fpc_1268_ta.sec
  - vendor/bin/fpc_1268_ta_sw22.sec
  - vendor/bin/glgps47531
    + Fixed up vendor/bin/glgps47531
  - vendor/bin/glgps4774
    + Fixed up vendor/bin/glgps4774
  - vendor/bin/gnss_control_hisi
  - vendor/bin/gnss_engine_hisi
  - vendor/bin/gnss_supl20clientd_hisi
  - vendor/bin/gnss_watchlssd_thirdparty
  - vendor/bin/goodix_3206_ta.sec
  - vendor/bin/goodix_3288_ta.sec
  - vendor/bin/goodix_5266_ta.sec
  - vendor/bin/goodix_5296_ta.sec
  - vendor/bin/goodix_8206_ta.sec
  - vendor/bin/gpsdaemon
  - vendor/bin/hisecd
  - vendor/bin/hw/android.hardware.secure_element@1.0-service.hisi
  - vendor/bin/hw/rild
  - vendor/bin/hw/vendor.huawei.hardware.biometrics.fingerprint@2.1-service
  - vendor/bin/hw/vendor.huawei.hardware.gnss@1.2-service
  - vendor/bin/hw/vendor.huawei.hardware.graphics.displayeffect@1.0-service
  - vendor/bin/hw/vendor.huawei.hardware.graphics.mediacomm@2.0-service
  - vendor/bin/hw/vendor.huawei.hardware.hisupl@1.0-service
  - vendor/bin/hw/vendor.huawei.hardware.hwdisplay.displayengine@1.2-service
  - vendor/bin/hw/vendor.huawei.hardware.hwdisplay@1.0-service
  - vendor/bin/hw/vendor.huawei.hardware.libteec@2.0-service
  - vendor/bin/hw/vendor.huawei.hardware.perfgenius@2.0-service
  - vendor/bin/lhd4774
  - vendor/bin/oam_hisi
  - vendor/bin/octty
  - vendor/bin/oeminfo_gamma
  - vendor/bin/oeminfo_nvm_server
  - vendor/bin/silead_6165_ta.sec
  - vendor/bin/silead_61856_ta.sec
  - vendor/bin/silead_6185_ta.sec
  - vendor/bin/silead_6275_ta.sec
  - vendor/bin/start_connectivity_hisi
  - vendor/bin/syna_109A0_ta.sec
  - vendor/bin/syna_155A_ta.sec
  - vendor/bin/teecd
  - vendor/bin/tlogcat
  - vendor/etc/bluetooth/bt_vendor.conf
  - vendor/etc/geoloc.conf
  - vendor/etc/gnss/config/gnss_lss_config_thirdparty.bin
  - vendor/etc/gnss/config/gnss_lss_rfg_key_thirdparty.pem
  - vendor/etc/gnss/config/gnss_lss_slp_thirdparty.p12
  - vendor/etc/gnss/config/gnss_suplconfig_hisi.xml
  - vendor/etc/gnss/gnss_lss_thirdparty.conf
  - vendor/etc/gnss/rmd/c/a_1
  - vendor/etc/gnss/rmd/c/aindex.bin
  - vendor/etc/gnss/rmd/e/a_1
  - vendor/etc/gnss/rmd/e/aindex.bin
  - vendor/etc/gnss/rmd/f/a_1
  - vendor/etc/gnss/rmd/f/aindex.bin
  - vendor/etc/gnss/rmd/g/a_1
  - vendor/etc/gnss/rmd/g/aindex.bin
  - vendor/etc/gnss/rmd/t/a_1
  - vendor/etc/gnss/rmd/t/aindex.bin
  - vendor/etc/goldeneye_config.xml
  - vendor/etc/gps.conf
  - vendor/etc/gps47531config.xml
  - vendor/etc/gps4774config.xml
  - vendor/etc/higeo.conf
  - vendor/etc/higeo_beta.conf
  - vendor/etc/init/android.hardware.drm@1.1-service.widevine.rc
    + Fixed up vendor/etc/init/android.hardware.drm@1.1-service.widevine.rc
  - vendor/etc/init/android.hardware.secure_element@1.0-service.hisi.rc
    + Fixed up vendor/etc/init/android.hardware.secure_element@1.0-service.hisi.rc
  - vendor/etc/init/aptouch_daemon.rc
  - vendor/etc/init/hisecd.rc
  - vendor/etc/init/rild.rc
    + Fixed up vendor/etc/init/rild.rc
  - vendor/etc/init/vendor.huawei.graphics.displayeffect@1.0-service.rc
  - vendor/etc/init/vendor.huawei.hardware.biometrics.fingerprint@2.1-service.rc
  - vendor/etc/init/vendor.huawei.hardware.gnss@1.2-service.rc
  - vendor/etc/init/vendor.huawei.hardware.graphics.mediacomm@2.0-service.rc
  - vendor/etc/init/vendor.huawei.hardware.hisupl@1.0-service.rc
  - vendor/etc/init/vendor.huawei.hardware.hwdisplay.displayengine@1.2-service.rc
  - vendor/etc/init/vendor.huawei.hardware.hwdisplay@1.0-service.rc
  - vendor/etc/init/vendor.huawei.hardware.libteec@2.0-service.rc
  - vendor/etc/init/vendor.huawei.hardware.perfgenius@2.0-service.rc
  - vendor/etc/init/vendor.huawei.hardware.sensors@1.0-service.rc
  - vendor/etc/lhd.conf
  - vendor/etc/lhd_beta.conf
  - vendor/etc/libgps4774.conf
  - vendor/etc/native_packages.bin
  - vendor/etc/nlp.conf
  - vendor/etc/nlp_beta.conf
  - vendor/etc/perfgenius_config.xml
  - vendor/etc/perfgenius_event_policy.xml
  - vendor/etc/perfgenius_scenario_policy.xml
  - vendor/firmware/BCM4345C0_003.001.025.0155.0263.hcd
  - vendor/firmware/BCM4359C0_003.001.006.0126.0223.hcd
  - vendor/firmware/CPU_RAM_SCHED.bin
  - vendor/firmware/CPU_RAM_WBS.bin
  - vendor/firmware/Total.wdk
  - vendor/firmware/bcm43596_otp.bin
  - vendor/firmware/bcm43596_otp_ref.bin
  - vendor/firmware/bfgx_and_wifi_cfg
  - vendor/firmware/bfgx_cfg
  - vendor/firmware/cr4_asic.bin
  - vendor/firmware/cr4_regmem.bin
  - vendor/firmware/cr4_regmem_u1.bin
  - vendor/firmware/fw_bcm4334_hw_2ant.bin
  - vendor/firmware/fw_bcm4334_test_2ant.bin
  - vendor/firmware/fw_bcm43455_apsta_hw.bin
  - vendor/firmware/fw_bcm43455_hw.bin
  - vendor/firmware/fw_bcm43455_test_hw_apsta.bin
  - vendor/firmware/fw_bcm4359_apsta_hw.bin
  - vendor/firmware/fw_bcm4359_hw.bin
  - vendor/firmware/fw_bcm4359_nonsig.bin
  - vendor/firmware/hifi_6403.img
  - vendor/firmware/hifi_6403_imedia150_devkit.img
  - vendor/firmware/hifi_6403_imedia150_devkit_hisi.img
  - vendor/firmware/hifi_6403_imedia_devkit.img
  - vendor/firmware/hifi_6403_imedia_devkit_hisi.img
  - vendor/firmware/hifi_6403_smartpa_with_dsp.img
  - vendor/firmware/hifi_6403_smartpa_with_dsp_hisi.img
  - vendor/firmware/hifi_6403_tas.img
  - vendor/firmware/hifi_6403_tas_devkit.img
  - vendor/firmware/hifi_6403_tas_devkit_hisi.img
  - vendor/firmware/hifi_6403_tas_hisi.img
  - vendor/firmware/hifi_6403_tfa.img
  - vendor/firmware/hifi_6403_tfa9874_devkit.img
  - vendor/firmware/hifi_6403_tfa9874_devkit_hisi.img
  - vendor/firmware/hifi_6403_tfa_devkit.img
  - vendor/firmware/hifi_6403_tfa_devkit_hisi.img
  - vendor/firmware/isp_bw.elf
  - vendor/firmware/isp_dts.img
  - vendor/firmware/isp_fw.elf
  - vendor/firmware/ivp/colorfusion.bin
  - vendor/firmware/ivp/davinci.bin
  - vendor/firmware/ivp/dshdr_dsp.bin
  - vendor/firmware/ivp/hdflash.bin
  - vendor/firmware/ivp/jpeghdr.bin
  - vendor/firmware/ivp/multidenoise_eis_dsp.bin
  - vendor/firmware/ivp/oz.bin
  - vendor/firmware/ivp/video_bokeh.bin
  - vendor/firmware/nvram43455_hw.txt
  - vendor/firmware/nvram43455_hw_lon_TUGL.txt
  - vendor/firmware/nvram43455_hw_lon_TUGL_oversea.txt
  - vendor/firmware/nvram43455_hw_mha_TUGL.txt
  - vendor/firmware/nvram43455_hw_mha_TUGL_oversea.txt
  - vendor/firmware/nvram43455_hw_stf_TUGL.txt
  - vendor/firmware/nvram43455_hw_stf_oversea.txt
  - vendor/firmware/nvram43455_hw_vn1.txt
  - vendor/firmware/nvram4359_hw.txt
  - vendor/firmware/nvram4359_hw_2ant_kepler.txt
  - vendor/firmware/nvram4359_hw_vicky_v1.txt
  - vendor/firmware/nvram4359_hw_vicky_v3.txt
  - vendor/firmware/nvram4359_hw_vicky_v3_oversea.txt
  - vendor/firmware/nvram4359_hw_victoria_v3.txt
  - vendor/firmware/nvram4359_hw_victoria_v3_oversea.txt
  - vendor/firmware/ram_reg_test_cfg
  - vendor/firmware/ts/cambridge_goodix_gt1x.img
  - vendor/firmware/ts/cambridge_synaptics_CAMB17090_sumsung.img
  - vendor/firmware/ts/st/fts.csv
  - vendor/firmware/ts/synaptics.hex
  - vendor/firmware/wifi_cfg
  - vendor/lib/displayeffect.hi3660.so
  - vendor/lib/egl/libGLES_mali.so
  - vendor/lib/ese_hw_hal.so
  - vendor/lib/hw/android.hardware.keymaster@3.0-impl-hisi.so
  - vendor/lib/hw/fingerprint.hi3660.so
  - vendor/lib/hw/gatekeeper.hi3660.so
  - vendor/lib/hw/gralloc.hi3660.so
    + Fixed up vendor/lib/hw/gralloc.hi3660.so
  - vendor/lib/hw/hwcomposer.hi3660.so
    + Fixed up vendor/lib/hw/hwcomposer.hi3660.so
  - vendor/lib/hw/keystore.hi3660.so
  - vendor/lib/hw/libhwdisplay.default.so
  - vendor/lib/hw/mediacomm.hi3660.so
  - vendor/lib/hw/memtrack.hi3660.so
  - vendor/lib/hw/vendor.huawei.hardware.graphics.displayeffect@1.0-impl.so
  - vendor/lib/hw/vendor.huawei.hardware.graphics.mediacomm@2.0-impl.so
  - vendor/lib/hw/vendor.huawei.hardware.libteec@2.0-impl.so
  - vendor/lib/hw/vendor.huawei.hardware.perfgenius@2.0-impl.so
  - vendor/lib/libBootloaderOeminfo.so
  - vendor/lib/libOMX.hisi.video.decoder.secure.so
  - vendor/lib/libOMX.hisi.video.decoder.so
  - vendor/lib/libOMX.hisi.video.encoder.so
  - vendor/lib/libOMX_Core.so
  - vendor/lib/libOpenCL.so
  - vendor/lib/libOpenCLFoundation.so
  - vendor/lib/libSR_opencl.so
  - vendor/lib/lib_device_interface.so
  - vendor/lib/lib_factory_interface.so
  - vendor/lib/lib_fpc_tac_shared.so
  - vendor/lib/lib_mmi_interface.so
  - vendor/lib/lib_wifi_sar.so
  - vendor/lib/libbalong-ril-1.so
  - vendor/lib/libbalong-ril-2.so
  - vendor/lib/libbalong-ril.so
  - vendor/lib/libc_sec_hisi_connectivity.so
  - vendor/lib/libc_secshared.so
  - vendor/lib/libcommril.so
  - vendor/lib/libfaccommon_share.so
  - vendor/lib/libfacsignedapi_share.so
  - vendor/lib/libgpucommon_vendor_client.so
  - vendor/lib/libgralloc_ext.so
  - vendor/lib/libhiion.so
  - vendor/lib/libhuaweicust.so
  - vendor/lib/libhw_display_effect.so
  - vendor/lib/libhw_display_test.so
  - vendor/lib/libmediacomm@2.0-client.so
  - vendor/lib/libnvme.so
  - vendor/lib/liboeminfo.so
  - vendor/lib/libperfgenius_vendor_client.so
  - vendor/lib/libperfhub.so
  - vendor/lib/libperfhub_service.so
  - vendor/lib/libpf_customize_hisi.so
  - vendor/lib/libpf_oneimage_hisi.so
  - vendor/lib/libpf_rotate_hisi.so
  - vendor/lib/libstagefrighthw.so
  - vendor/lib/libstorekeybox.so
  - vendor/lib/libteec.so
  - vendor/lib/libteec_eid.so
  - vendor/lib/libteec_vendor.so
  - vendor/lib/vendor.huawei.hardware.graphics.displayeffect@1.0.so
  - vendor/lib/vendor.huawei.hardware.graphics.displayeffect@1.1.so
  - vendor/lib/vendor.huawei.hardware.graphics.displayeffect@1.2.so
  - vendor/lib/vendor.huawei.hardware.graphics.gpucommon@1.0.so
  - vendor/lib/vendor.huawei.hardware.graphics.hwcinterface@1.0.so
  - vendor/lib/vendor.huawei.hardware.graphics.mediacomm@2.0.so
  - vendor/lib/vendor.huawei.hardware.graphics.mediacomm@2.1.so
  - vendor/lib/vendor.huawei.hardware.hisiradio@1.0.so
  - vendor/lib/vendor.huawei.hardware.hisiradio@1.1.so
  - vendor/lib/vendor.huawei.hardware.hwdisplay.displayengine@1.0.so
  - vendor/lib/vendor.huawei.hardware.hwdisplay.displayengine@1.1.so
  - vendor/lib/vendor.huawei.hardware.hwdisplay.displayengine@1.2.so
  - vendor/lib/vendor.huawei.hardware.hwdisplay.displayfactory@1.0.so
  - vendor/lib/vendor.huawei.hardware.hwdisplay@1.0.so
  - vendor/lib/vendor.huawei.hardware.libteec@2.0.so
  - vendor/lib/vendor.huawei.hardware.radio.chr@1.0.so
  - vendor/lib/vendor.huawei.hardware.radio.deprecated@1.0.so
  - vendor/lib/vendor.huawei.hardware.radio.ims@1.0.so
  - vendor/lib/vendor.huawei.hardware.radio@2.0.so
  - vendor/lib64/displayeffect.hi3660.so
  - vendor/lib64/egl/libGLES_mali.so
  - vendor/lib64/ese_hw_hal.so
  - vendor/lib64/hw/CameraFactoryService.so
  - vendor/lib64/hw/android.hardware.keymaster@3.0-impl-hisi.so
  - vendor/lib64/hw/fingerprint.hi3660.so
  - vendor/lib64/hw/gatekeeper.hi3660.so
  - vendor/lib64/hw/gps.default.so
  - vendor/lib64/hw/gps.hi1102.default.so
  - vendor/lib64/hw/gps.hisi.default.so
  - vendor/lib64/hw/gps47531.default.so
  - vendor/lib64/hw/gps4774.default.so
  - vendor/lib64/hw/gralloc.hi3660.so
    + Fixed up vendor/lib64/hw/gralloc.hi3660.so
  - vendor/lib64/hw/hicam.hal.bz.so
  - vendor/lib64/hw/hicam.hal.service.so
  - vendor/lib64/hw/hisupl.hi1102.default.so
  - vendor/lib64/hw/hwcomposer.hi3660.so
    + Fixed up vendor/lib64/hw/hwcomposer.hi3660.so
  - vendor/lib64/hw/keystore.hi3660.so
  - vendor/lib64/hw/libhwdisplay.default.so
  - vendor/lib64/hw/mediacomm.hi3660.so
  - vendor/lib64/hw/memtrack.hi3660.so
  - vendor/lib64/hw/vendor.huawei.hardware.camera.factory@1.0-impl.so
  - vendor/lib64/hw/vendor.huawei.hardware.gnss@1.2-impl.so
  - vendor/lib64/hw/vendor.huawei.hardware.graphics.displayeffect@1.0-impl.so
  - vendor/lib64/hw/vendor.huawei.hardware.graphics.mediacomm@2.0-impl.so
  - vendor/lib64/hw/vendor.huawei.hardware.hisupl@1.0-impl.so
  - vendor/lib64/hw/vendor.huawei.hardware.hwdisplay.displayengine@1.2-impl.so
  - vendor/lib64/hw/vendor.huawei.hardware.hwdisplay@1.0-impl.so
  - vendor/lib64/hw/vendor.huawei.hardware.libteec@2.0-impl.so
  - vendor/lib64/hw/vendor.huawei.hardware.perfgenius@2.0-impl.so
  - vendor/lib64/hwcam/hwcam.ddt.so
  - vendor/lib64/hwcam/hwcam.services.so
  - vendor/lib64/libBestShot.so
  - vendor/lib64/libBootloaderOeminfo.so
  - vendor/lib64/libDocBeauty.so
  - vendor/lib64/libFaceDetectCA.so
  - vendor/lib64/libHW_BShutter.so
  - vendor/lib64/libLaserFOVCali.so
  - vendor/lib64/libLaserSelfCali.so
  - vendor/lib64/libOMX.hisi.video.decoder.secure.so
  - vendor/lib64/libOMX.hisi.video.decoder.so
  - vendor/lib64/libOMX.hisi.video.encoder.so
  - vendor/lib64/libOMX_Core.so
  - vendor/lib64/libOmronFR.so
  - vendor/lib64/libOpenCL.so
  - vendor/lib64/libOpenCLFoundation.so
  - vendor/lib64/libRefocusContrastPosition.so
  - vendor/lib64/libSR_opencl.so
  - vendor/lib64/libSmartAE.so
  - vendor/lib64/libVideoDenoise.so
  - vendor/lib64/lib_device_interface.so
  - vendor/lib64/lib_factory_interface.so
  - vendor/lib64/lib_fpc_tac_shared.so
  - vendor/lib64/lib_mmi_interface.so
  - vendor/lib64/lib_wifi_sar.so
  - vendor/lib64/libalConvert2Img_al6610.so
  - vendor/lib64/libasd.so
  - vendor/lib64/libaudio_custom.so
  - vendor/lib64/libaudio_custom_v2.so
  - vendor/lib64/libaudio_utils.so
  - vendor/lib64/libaudiodump.so
  - vendor/lib64/libbalong-ril-1.so
  - vendor/lib64/libbalong-ril-2.so
  - vendor/lib64/libbalong-ril.so
  - vendor/lib64/libbt-vendor-hisi.so
  - vendor/lib64/libbt-vendor-bcm.so
    + Fixed up vendor/lib64/libbt-vendor-bcm.so
  - vendor/lib64/libc_sec_hisi_connectivity.so
  - vendor/lib64/libc_secshared.so
  - vendor/lib64/libcamera_algo.so
    + Fixed up vendor/lib64/libcamera_algo.so
  - vendor/lib64/libcamera_ivp.so
  - vendor/lib64/libcamera_omron.so
  - vendor/lib64/libcamerabuffer.so
  - vendor/lib64/libcolorfusion_acore.so
  - vendor/lib64/libcommril.so
  - vendor/lib64/libcontrastCal.so
  - vendor/lib64/libdavinci_acore.so
  - vendor/lib64/libdcamera_capture.so
  - vendor/lib64/libdcamera_disptodepth.so
  - vendor/lib64/libdcamera_effect.so
  - vendor/lib64/libdcamera_sr.so
  - vendor/lib64/libdcamera_stream.so
  - vendor/lib64/libdcamera_video_bokeh.so
  - vendor/lib64/libdcamera_visual_effect.so
  - vendor/lib64/libdhdr_acore.so
  - vendor/lib64/libdisplay_hdr_engine.so
  - vendor/lib64/libeis_colorfusion_acore.so
  - vendor/lib64/libfaccommon_share.so
  - vendor/lib64/libfacedetection.so
  - vendor/lib64/libfacsignedapi_share.so
  - vendor/lib64/libfcamera_visual_effect.so
  - vendor/lib64/libgnss_common_hisi.so
  - vendor/lib64/libgnss_higeo_hisi.so
  - vendor/lib64/libgnss_lss_gw_thirdparty.so
  - vendor/lib64/libgnss_supl10client_hisi.so
  - vendor/lib64/libgnss_supl20client_hisi.so
  - vendor/lib64/libgnss_supl20common_hisi.so
  - vendor/lib64/libgnss_supl20if_hisi.so
  - vendor/lib64/libgps_factory_test.so
  - vendor/lib64/libgpucommon_vendor_client.so
  - vendor/lib64/libgralloc_ext.so
  - vendor/lib64/libhdflash_acore.so
  - vendor/lib64/libhdr.so
  - vendor/lib64/libhdr_acore.so
  - vendor/lib64/libhiion.so
  - vendor/lib64/libhuaweiaudioeffectutil.so
  - vendor/lib64/libhuaweicust.so
  - vendor/lib64/libhw_display_effect.so
  - vendor/lib64/libhw_display_test.so
  - vendor/lib64/libhwgpschannelclient.so
  - vendor/lib64/libispenhnc.so
  - vendor/lib64/libjpeghdr.so
  - vendor/lib64/libjpeghdr_acore.so
  - vendor/lib64/libjpeghdrenc.so
  - vendor/lib64/libmax98925.so
  - vendor/lib64/libmediacomm@2.0-client.so
  - vendor/lib64/libmmi_depth.so
  - vendor/lib64/libmorpho_effect_library5.so
  - vendor/lib64/libmotiondetect.so
  - vendor/lib64/libmrc_cg_colorfusion.so
  - vendor/lib64/libmrc_cg_davinci.so
  - vendor/lib64/libmrc_cg_eis_ap.so
  - vendor/lib64/libmrc_cg_ldc.so
  - vendor/lib64/libmrc_cg_mfdenoise.so
  - vendor/lib64/libmrc_cg_mfnr_ap.so
  - vendor/lib64/libmrc_cg_niceFood.so
  - vendor/lib64/libmrc_cg_nie.so
  - vendor/lib64/libmrc_cg_postprocess.so
  - vendor/lib64/libmrc_cg_postprocess_ivp.so
  - vendor/lib64/libmrc_cg_sz.so
  - vendor/lib64/libmrc_hall_code.so
  - vendor/lib64/libmrc_oz_nie.so
  - vendor/lib64/libnvme.so
  - vendor/lib64/liboeminfo.so
  - vendor/lib64/libopticalzoom_acore.so
  - vendor/lib64/liboz_colorfusion_acore.so
  - vendor/lib64/libperfgenius_vendor_client.so
  - vendor/lib64/libperfhub.so
  - vendor/lib64/libperfhub_service.so
  - vendor/lib64/libpf_customize_hisi.so
  - vendor/lib64/libpf_oneimage_hisi.so
  - vendor/lib64/libpf_rotate_hisi.so
  - vendor/lib64/libscenedetection.so
  - vendor/lib64/libsmartpakit.so
  - vendor/lib64/libstagefrighthw.so
  - vendor/lib64/libstorekeybox.so
  - vendor/lib64/libtas2560.so
  - vendor/lib64/libteec.so
  - vendor/lib64/libteec_eid.so
  - vendor/lib64/libteec_vendor.so
  - vendor/lib64/libtpp.so
0x7F58
    + Fixed up vendor/lib64/libtpp.so
  - vendor/lib64/libtrans_depth_code.so
  - vendor/lib64/libvio.so
  - vendor/lib64/soundfx/libhuaweiprocessing.so
  - vendor/lib64/soundfx/liboffloadvisualizer.so
  - vendor/lib64/vendor.huawei.hardware.gnss@1.0.so
  - vendor/lib64/vendor.huawei.hardware.gnss@1.1.so
  - vendor/lib64/vendor.huawei.hardware.gnss@1.2.so
  - vendor/lib64/vendor.huawei.hardware.graphics.displayeffect@1.0.so
  - vendor/lib64/vendor.huawei.hardware.graphics.displayeffect@1.1.so
  - vendor/lib64/vendor.huawei.hardware.graphics.displayeffect@1.2.so
  - vendor/lib64/vendor.huawei.hardware.graphics.gpucommon@1.0.so
  - vendor/lib64/vendor.huawei.hardware.graphics.hwcinterface@1.0.so
  - vendor/lib64/vendor.huawei.hardware.graphics.mediacomm@2.0.so
  - vendor/lib64/vendor.huawei.hardware.graphics.mediacomm@2.1.so
  - vendor/lib64/vendor.huawei.hardware.hisiradio@1.0.so
  - vendor/lib64/vendor.huawei.hardware.hisiradio@1.1.so
  - vendor/lib64/vendor.huawei.hardware.hisupl@1.0.so
  - vendor/lib64/vendor.huawei.hardware.hwdisplay.displayengine@1.0.so
  - vendor/lib64/vendor.huawei.hardware.hwdisplay.displayengine@1.1.so
  - vendor/lib64/vendor.huawei.hardware.hwdisplay.displayengine@1.2.so
  - vendor/lib64/vendor.huawei.hardware.hwdisplay.displayfactory@1.0.so
  - vendor/lib64/vendor.huawei.hardware.hwdisplay@1.0.so
  - vendor/lib64/vendor.huawei.hardware.libteec@2.0.so
  - vendor/lib64/vendor.huawei.hardware.radio.chr@1.0.so
  - vendor/lib64/vendor.huawei.hardware.radio.deprecated@1.0.so
  - vendor/lib64/vendor.huawei.hardware.radio.ims@1.0.so
  - vendor/lib64/vendor.huawei.hardware.radio@2.0.so
  - vendor/phone.prop
  - vendor/bin/hw/vendor.huawei.hardware.sensors@1.0-service
  - vendor/lib/hw/sensors.hi3660.so
  - vendor/lib/libiawareperf_client.so
  - vendor/lib/libril.so
  - vendor/lib/vendor.huawei.hardware.hwvibrator@1.0.so
  - vendor/lib/vendor.huawei.hardware.iawareperf@1.0.so
  - vendor/lib/vendor.huawei.hardware.perfgenius@2.0.so
  - vendor/lib/vendor.huawei.hardware.sensors@1.0.so
  - vendor/lib64/hw/audio.primary.hi3660.so
    + Fixed up vendor/lib64/hw/audio.primary.hi3660.so
  - vendor/lib64/hw/sensors.hi3660.so
  - vendor/lib64/hw/vendor.huawei.hardware.sensors@1.0-impl.so
  - vendor/lib64/libiawareperf_client.so
  - vendor/lib64/libril.so
  - vendor/lib64/vendor.huawei.hardware.ai@1.0.so
  - vendor/lib64/vendor.huawei.hardware.biometrics.hwfacerecognize@1.0.so
  - vendor/lib64/vendor.huawei.hardware.biometrics.hwfacerecognize@1.1.so
  - vendor/lib64/vendor.huawei.hardware.biometrics.hwsecurefacerecognize@1.0.so
  - vendor/lib64/vendor.huawei.hardware.camera.camResource.orbService@1.0.so
  - vendor/lib64/vendor.huawei.hardware.camera.camResource@1.0.so
  - vendor/lib64/vendor.huawei.hardware.camera.camResource@1.1.so
  - vendor/lib64/vendor.huawei.hardware.camera.camResource@1.2.so
  - vendor/lib64/vendor.huawei.hardware.camera.camResource@1.3.so
  - vendor/lib64/vendor.huawei.hardware.camera.cfgsvr@1.0.so
  - vendor/lib64/vendor.huawei.hardware.camera.cfgsvr@1.1.so
  - vendor/lib64/vendor.huawei.hardware.camera.factory@1.0.so
  - vendor/lib64/vendor.huawei.hardware.hwfactoryinterface@1.0.so
  - vendor/lib64/vendor.huawei.hardware.hwfactoryinterface@1.1.so
  - vendor/lib64/vendor.huawei.hardware.hwvibrator@1.0.so
  - vendor/lib64/vendor.huawei.hardware.iawareperf@1.0.so
  - vendor/lib64/vendor.huawei.hardware.perfgenius@2.0.so
  - vendor/lib64/vendor.huawei.hardware.sensors@1.0.so
Extracting 7 files in ./../../huawei/hi3660-common/proprietary-files-ir.txt from ./dump/:
  - vendor/etc/ir_config
  - vendor/lib64/hw/consumerir.hi3660.so
  - vendor/lib64/libhi64xxIrAccess.so
  - vendor/lib64/libhisi-set_regs.so
  - vendor/lib64/libhisiIrAccess.so
  - vendor/lib64/libir_driver_init.so
  - vendor/lib64/libmaximIrAccess.so
Cleaning output directory (./../../huawei/hi3660-common/../../../vendor/huawei/stanford/proprietary)..
Extracting 329 files in ./../../huawei/hi3660-common/../stanford/proprietary-files.txt from ./dump/:
  - odm/etc/audio/HiVoice/HiVoice_STF_normal.xml
    + Fixed up odm/etc/audio/HiVoice/HiVoice_STF_normal.xml
  - odm/etc/audio/algorithm/algorithm_STF-Oversea_normal.xml
  - odm/etc/audio/algorithm/algorithm_STF_normal.xml
  - odm/etc/audio/asrenhance/parameters_nuance_16k_2EC.bsd
  - odm/etc/audio/asrenhance/parameters_nuance_16k_EC.bsd
  - odm/etc/audio/asrenhance/parameters_nuance_16k_NR.bsd
  - odm/etc/audio/asrenhance/parameters_nuance_16k_NR_vib.bsd
  - odm/etc/audio/dts/dts_STF-Oversea_normal.xml
  - odm/etc/audio/dts/dts_STF_normal.xml
  - odm/etc/audio/hi6403/mixer_paths_STF-Oversea.xml
  - odm/etc/audio/hi6403/mixer_paths_STF.xml
  - odm/etc/audio/hi6403/mixer_volumes_STF-Oversea_ce.xml
  - odm/etc/audio/hi6403/mixer_volumes_STF-Oversea_cmcciot.xml
  - odm/etc/audio/hi6403/mixer_volumes_STF-Oversea_gcf.xml
  - odm/etc/audio/hi6403/mixer_volumes_STF-Oversea_normal.xml
  - odm/etc/audio/hi6403/mixer_volumes_STF-Oversea_telecomiot.xml
  - odm/etc/audio/hi6403/mixer_volumes_STF-Oversea_unicomiot.xml
  - odm/etc/audio/hi6403/mixer_volumes_STF_ce.xml
  - odm/etc/audio/hi6403/mixer_volumes_STF_cmcciot.xml
  - odm/etc/audio/hi6403/mixer_volumes_STF_gcf.xml
  - odm/etc/audio/hi6403/mixer_volumes_STF_normal.xml
  - odm/etc/audio/hi6403/mixer_volumes_STF_telecomiot.xml
  - odm/etc/audio/hi6403/mixer_volumes_STF_unicomiot.xml
  - odm/etc/audio/hi6403/pop_seq_STF-Oversea.xml
  - odm/etc/audio/hi6403/pop_seq_STF.xml
  - odm/etc/audio/mbdrc/mbdrc_STF-Oversea_normal.xml
    + Fixed up odm/etc/audio/mbdrc/mbdrc_STF-Oversea_normal.xml
  - odm/etc/audio/mbdrc/mbdrc_STF_normal.xml
    + Fixed up odm/etc/audio/mbdrc/mbdrc_STF_normal.xml
  - odm/etc/audio/modem/modem_STF-Oversea_cmcciot.xml
  - odm/etc/audio/modem/modem_STF-Oversea_gcf.xml
  - odm/etc/audio/modem/modem_STF-Oversea_normal.xml
  - odm/etc/audio/modem/modem_STF-Oversea_telecomiot.xml
  - odm/etc/audio/modem/modem_STF-Oversea_unicomiot.xml
  - odm/etc/audio/modem/modem_STF_cmcciot.xml
  - odm/etc/audio/modem/modem_STF_gcf.xml
  - odm/etc/audio/modem/modem_STF_normal.xml
  - odm/etc/audio/modem/modem_STF_telecomiot.xml
  - odm/etc/audio/modem/modem_STF_unicomiot.xml
  - odm/etc/audio/sws/sws_3d_STF-Oversea_normal.cfg
  - odm/etc/audio/sws/sws_3d_STF_normal.cfg
  - odm/etc/audio/sws/sws_STF-Oversea_normal.xml
  - odm/etc/audio/sws/sws_STF_normal.xml
  - odm/etc/audio/ti/ti_STF-Oversea_normal.xml
    + Fixed up odm/etc/audio/ti/ti_STF-Oversea_normal.xml
  - odm/etc/audio/ti/ti_STF_normal.xml
    + Fixed up odm/etc/audio/ti/ti_STF_normal.xml
  - odm/etc/audio/version
  - odm/etc/audio/volume/audio_policy_volumes.xml
  - odm/etc/audio/volume/volume_point.xml
  - odm/etc/camera/LaserCali/LaserCali.xml
    + Fixed up odm/etc/camera/LaserCali/LaserCali.xml
  - odm/etc/camera/LaserCali/LaserCaliDefault.xml
    + Fixed up odm/etc/camera/LaserCali/LaserCaliDefault.xml
  - odm/etc/camera/LaserCali/LaserSelfCali.xml
    + Fixed up odm/etc/camera/LaserCali/LaserSelfCali.xml
  - odm/etc/camera/bshutter/device.config
  - odm/etc/camera/bshutter/imx386/algo.xml
    + Fixed up odm/etc/camera/bshutter/imx386/algo.xml
  - odm/etc/camera/bshutter/imx386/info.xml
    + Fixed up odm/etc/camera/bshutter/imx386/info.xml
  - odm/etc/camera/bshutter/ov12a10/algo.xml
    + Fixed up odm/etc/camera/bshutter/ov12a10/algo.xml
  - odm/etc/camera/bshutter/ov12a10/info.xml
    + Fixed up odm/etc/camera/bshutter/ov12a10/info.xml
  - odm/etc/camera/configeffect/digitalzoom/device.config
  - odm/etc/camera/configeffect/digitalzoom/imx386dual/gcd.xml
    + Fixed up odm/etc/camera/configeffect/digitalzoom/imx386dual/gcd.xml
  - odm/etc/camera/configeffect/digitalzoom/imx386dual/gcd_aux.xml
    + Fixed up odm/etc/camera/configeffect/digitalzoom/imx386dual/gcd_aux.xml
  - odm/etc/camera/configeffect/digitalzoom/imx386dual/rawnf.xml
    + Fixed up odm/etc/camera/configeffect/digitalzoom/imx386dual/rawnf.xml
  - odm/etc/camera/configeffect/digitalzoom/imx386dual/rawnf_aux.xml
    + Fixed up odm/etc/camera/configeffect/digitalzoom/imx386dual/rawnf_aux.xml
  - odm/etc/camera/configeffect/digitalzoom/imx386dual/sharpen.xml
    + Fixed up odm/etc/camera/configeffect/digitalzoom/imx386dual/sharpen.xml
  - odm/etc/camera/configeffect/digitalzoom/imx386dual/sharpen_aux.xml
    + Fixed up odm/etc/camera/configeffect/digitalzoom/imx386dual/sharpen_aux.xml
  - odm/etc/camera/configeffect/digitalzoom/imx386dual/yuvnf.xml
    + Fixed up odm/etc/camera/configeffect/digitalzoom/imx386dual/yuvnf.xml
  - odm/etc/camera/configeffect/digitalzoom/imx386dual/yuvnf_aux.xml
    + Fixed up odm/etc/camera/configeffect/digitalzoom/imx386dual/yuvnf_aux.xml
  - odm/etc/camera/configeffect/digitalzoom/ov12a10dual/gcd.xml
    + Fixed up odm/etc/camera/configeffect/digitalzoom/ov12a10dual/gcd.xml
  - odm/etc/camera/configeffect/digitalzoom/ov12a10dual/gcd_aux.xml
    + Fixed up odm/etc/camera/configeffect/digitalzoom/ov12a10dual/gcd_aux.xml
  - odm/etc/camera/configeffect/digitalzoom/ov12a10dual/rawnf.xml
    + Fixed up odm/etc/camera/configeffect/digitalzoom/ov12a10dual/rawnf.xml
  - odm/etc/camera/configeffect/digitalzoom/ov12a10dual/rawnf_aux.xml
    + Fixed up odm/etc/camera/configeffect/digitalzoom/ov12a10dual/rawnf_aux.xml
  - odm/etc/camera/configeffect/digitalzoom/ov12a10dual/sharpen.xml
    + Fixed up odm/etc/camera/configeffect/digitalzoom/ov12a10dual/sharpen.xml
  - odm/etc/camera/configeffect/digitalzoom/ov12a10dual/sharpen_aux.xml
    + Fixed up odm/etc/camera/configeffect/digitalzoom/ov12a10dual/sharpen_aux.xml
  - odm/etc/camera/configeffect/digitalzoom/ov12a10dual/yuvnf.xml
    + Fixed up odm/etc/camera/configeffect/digitalzoom/ov12a10dual/yuvnf.xml
  - odm/etc/camera/configeffect/digitalzoom/ov12a10dual/yuvnf_aux.xml
    + Fixed up odm/etc/camera/configeffect/digitalzoom/ov12a10dual/yuvnf_aux.xml
  - odm/etc/camera/configeffect/multidenoise/device.config
  - odm/etc/camera/configeffect/multidenoise/hi843/rawnf.xml
    + Fixed up odm/etc/camera/configeffect/multidenoise/hi843/rawnf.xml
  - odm/etc/camera/configeffect/multidenoise/hi843/sharpen.xml
    + Fixed up odm/etc/camera/configeffect/multidenoise/hi843/sharpen.xml
  - odm/etc/camera/configeffect/multidenoise/hi843/yuvnf.xml
    + Fixed up odm/etc/camera/configeffect/multidenoise/hi843/yuvnf.xml
  - odm/etc/camera/configeffect/multidenoise/imx219/rawnf.xml
    + Fixed up odm/etc/camera/configeffect/multidenoise/imx219/rawnf.xml
  - odm/etc/camera/configeffect/multidenoise/imx219/sharpen.xml
    + Fixed up odm/etc/camera/configeffect/multidenoise/imx219/sharpen.xml
  - odm/etc/camera/configeffect/multidenoise/imx219/yuvnf.xml
    + Fixed up odm/etc/camera/configeffect/multidenoise/imx219/yuvnf.xml
  - odm/etc/camera/configeffect/multidenoise/imx386dual/rawnf.xml
    + Fixed up odm/etc/camera/configeffect/multidenoise/imx386dual/rawnf.xml
  - odm/etc/camera/configeffect/multidenoise/imx386dual/rawnf_aux.xml
    + Fixed up odm/etc/camera/configeffect/multidenoise/imx386dual/rawnf_aux.xml
  - odm/etc/camera/configeffect/multidenoise/imx386dual/sharpen.xml
    + Fixed up odm/etc/camera/configeffect/multidenoise/imx386dual/sharpen.xml
  - odm/etc/camera/configeffect/multidenoise/imx386dual/sharpen_aux.xml
    + Fixed up odm/etc/camera/configeffect/multidenoise/imx386dual/sharpen_aux.xml
  - odm/etc/camera/configeffect/multidenoise/imx386dual/yuvnf.xml
    + Fixed up odm/etc/camera/configeffect/multidenoise/imx386dual/yuvnf.xml
  - odm/etc/camera/configeffect/multidenoise/imx386dual/yuvnf_aux.xml
  - odm/etc/camera/configeffect/multidenoise/ov12a10dual/rawnf.xml
    + Fixed up odm/etc/camera/configeffect/multidenoise/ov12a10dual/rawnf.xml
  - odm/etc/camera/configeffect/multidenoise/ov12a10dual/rawnf_aux.xml
    + Fixed up odm/etc/camera/configeffect/multidenoise/ov12a10dual/rawnf_aux.xml
  - odm/etc/camera/configeffect/multidenoise/ov12a10dual/sharpen.xml
    + Fixed up odm/etc/camera/configeffect/multidenoise/ov12a10dual/sharpen.xml
  - odm/etc/camera/configeffect/multidenoise/ov12a10dual/sharpen_aux.xml
    + Fixed up odm/etc/camera/configeffect/multidenoise/ov12a10dual/sharpen_aux.xml
  - odm/etc/camera/configeffect/multidenoise/ov12a10dual/yuvnf.xml
    + Fixed up odm/etc/camera/configeffect/multidenoise/ov12a10dual/yuvnf.xml
  - odm/etc/camera/configeffect/multidenoise/ov12a10dual/yuvnf_aux.xml
  - odm/etc/camera/configeffect/multidenoise/ov8856/rawnf.xml
    + Fixed up odm/etc/camera/configeffect/multidenoise/ov8856/rawnf.xml
  - odm/etc/camera/configeffect/multidenoise/ov8856/sharpen.xml
    + Fixed up odm/etc/camera/configeffect/multidenoise/ov8856/sharpen.xml
  - odm/etc/camera/configeffect/multidenoise/ov8856/yuvnf.xml
    + Fixed up odm/etc/camera/configeffect/multidenoise/ov8856/yuvnf.xml
  - odm/etc/camera/configeffect/opticalzoom/device.config
  - odm/etc/camera/configeffect/opticalzoom/imx386dual/rawnf.xml
    + Fixed up odm/etc/camera/configeffect/opticalzoom/imx386dual/rawnf.xml
  - odm/etc/camera/configeffect/opticalzoom/imx386dual/rawnf_aux.xml
    + Fixed up odm/etc/camera/configeffect/opticalzoom/imx386dual/rawnf_aux.xml
  - odm/etc/camera/configeffect/opticalzoom/imx386dual/sharpen.xml
    + Fixed up odm/etc/camera/configeffect/opticalzoom/imx386dual/sharpen.xml
  - odm/etc/camera/configeffect/opticalzoom/imx386dual/sharpen_aux.xml
    + Fixed up odm/etc/camera/configeffect/opticalzoom/imx386dual/sharpen_aux.xml
  - odm/etc/camera/configeffect/opticalzoom/imx386dual/yuvnf.xml
    + Fixed up odm/etc/camera/configeffect/opticalzoom/imx386dual/yuvnf.xml
  - odm/etc/camera/configeffect/opticalzoom/imx386dual/yuvnf_aux.xml
  - odm/etc/camera/configeffect/opticalzoom/ov12a10dual/rawnf.xml
    + Fixed up odm/etc/camera/configeffect/opticalzoom/ov12a10dual/rawnf.xml
  - odm/etc/camera/configeffect/opticalzoom/ov12a10dual/rawnf_aux.xml
    + Fixed up odm/etc/camera/configeffect/opticalzoom/ov12a10dual/rawnf_aux.xml
  - odm/etc/camera/configeffect/opticalzoom/ov12a10dual/sharpen.xml
    + Fixed up odm/etc/camera/configeffect/opticalzoom/ov12a10dual/sharpen.xml
  - odm/etc/camera/configeffect/opticalzoom/ov12a10dual/sharpen_aux.xml
    + Fixed up odm/etc/camera/configeffect/opticalzoom/ov12a10dual/sharpen_aux.xml
  - odm/etc/camera/configeffect/opticalzoom/ov12a10dual/yuvnf.xml
    + Fixed up odm/etc/camera/configeffect/opticalzoom/ov12a10dual/yuvnf.xml
  - odm/etc/camera/configeffect/opticalzoom/ov12a10dual/yuvnf_aux.xml
  - odm/etc/camera/davinci/device.config
  - odm/etc/camera/davinci/hi843/dhdr_ivp.xml
    + Fixed up odm/etc/camera/davinci/hi843/dhdr_ivp.xml
  - odm/etc/camera/davinci/hi843/hdr.xml
    + Fixed up odm/etc/camera/davinci/hi843/hdr.xml
  - odm/etc/camera/davinci/hi843/hwnie.xml
    + Fixed up odm/etc/camera/davinci/hi843/hwnie.xml
  - odm/etc/camera/davinci/hi843/imgproc.xml
    + Fixed up odm/etc/camera/davinci/hi843/imgproc.xml
  - odm/etc/camera/davinci/hi843/ivp_hdr2.xml
    + Fixed up odm/etc/camera/davinci/hi843/ivp_hdr2.xml
  - odm/etc/camera/davinci/hi843/mddavinci/imgproc.xml
    + Fixed up odm/etc/camera/davinci/hi843/mddavinci/imgproc.xml
  - odm/etc/camera/davinci/hi843/multiframe.xml
    + Fixed up odm/etc/camera/davinci/hi843/multiframe.xml
  - odm/etc/camera/davinci/hi843/nicefood/imgproc.xml
    + Fixed up odm/etc/camera/davinci/hi843/nicefood/imgproc.xml
  - odm/etc/camera/davinci/imx219/dhdr_ivp.xml
    + Fixed up odm/etc/camera/davinci/imx219/dhdr_ivp.xml
  - odm/etc/camera/davinci/imx219/hdr.xml
    + Fixed up odm/etc/camera/davinci/imx219/hdr.xml
  - odm/etc/camera/davinci/imx219/hwnie.xml
    + Fixed up odm/etc/camera/davinci/imx219/hwnie.xml
  - odm/etc/camera/davinci/imx219/imgproc.xml
    + Fixed up odm/etc/camera/davinci/imx219/imgproc.xml
  - odm/etc/camera/davinci/imx219/ivp_hdr2.xml
    + Fixed up odm/etc/camera/davinci/imx219/ivp_hdr2.xml
  - odm/etc/camera/davinci/imx219/mddavinci/imgproc.xml
    + Fixed up odm/etc/camera/davinci/imx219/mddavinci/imgproc.xml
  - odm/etc/camera/davinci/imx219/multiframe.xml
    + Fixed up odm/etc/camera/davinci/imx219/multiframe.xml
  - odm/etc/camera/davinci/imx386dual/colorfusion.xml
    + Fixed up odm/etc/camera/davinci/imx386dual/colorfusion.xml
  - odm/etc/camera/davinci/imx386dual/dcsr2.xml
    + Fixed up odm/etc/camera/davinci/imx386dual/dcsr2.xml
  - odm/etc/camera/davinci/imx386dual/dcsr_kernel2
  - odm/etc/camera/davinci/imx386dual/dhdr_ivp.xml
    + Fixed up odm/etc/camera/davinci/imx386dual/dhdr_ivp.xml
  - odm/etc/camera/davinci/imx386dual/hwnie.xml
    + Fixed up odm/etc/camera/davinci/imx386dual/hwnie.xml
  - odm/etc/camera/davinci/imx386dual/imgproc.xml
    + Fixed up odm/etc/camera/davinci/imx386dual/imgproc.xml
  - odm/etc/camera/davinci/imx386dual/ivp_hdr2.xml
    + Fixed up odm/etc/camera/davinci/imx386dual/ivp_hdr2.xml
  - odm/etc/camera/davinci/imx386dual/mddavinci/imgproc.xml
    + Fixed up odm/etc/camera/davinci/imx386dual/mddavinci/imgproc.xml
  - odm/etc/camera/davinci/imx386dual/multiframe.xml
    + Fixed up odm/etc/camera/davinci/imx386dual/multiframe.xml
  - odm/etc/camera/davinci/imx386dual/nicefood/imgproc.xml
    + Fixed up odm/etc/camera/davinci/imx386dual/nicefood/imgproc.xml
  - odm/etc/camera/davinci/kernel_mskr.dat
  - odm/etc/camera/davinci/ov12a10dual/colorfusion.xml
    + Fixed up odm/etc/camera/davinci/ov12a10dual/colorfusion.xml
  - odm/etc/camera/davinci/ov12a10dual/dcsr2.xml
    + Fixed up odm/etc/camera/davinci/ov12a10dual/dcsr2.xml
  - odm/etc/camera/davinci/ov12a10dual/dcsr_kernel2
  - odm/etc/camera/davinci/ov12a10dual/dhdr_ivp.xml
    + Fixed up odm/etc/camera/davinci/ov12a10dual/dhdr_ivp.xml
  - odm/etc/camera/davinci/ov12a10dual/hwnie.xml
    + Fixed up odm/etc/camera/davinci/ov12a10dual/hwnie.xml
  - odm/etc/camera/davinci/ov12a10dual/imgproc.xml
    + Fixed up odm/etc/camera/davinci/ov12a10dual/imgproc.xml
  - odm/etc/camera/davinci/ov12a10dual/ivp_hdr2.xml
    + Fixed up odm/etc/camera/davinci/ov12a10dual/ivp_hdr2.xml
  - odm/etc/camera/davinci/ov12a10dual/mddavinci/imgproc.xml
    + Fixed up odm/etc/camera/davinci/ov12a10dual/mddavinci/imgproc.xml
  - odm/etc/camera/davinci/ov12a10dual/multiframe.xml
    + Fixed up odm/etc/camera/davinci/ov12a10dual/multiframe.xml
  - odm/etc/camera/davinci/ov12a10dual/nicefood/imgproc.xml
    + Fixed up odm/etc/camera/davinci/ov12a10dual/nicefood/imgproc.xml
  - odm/etc/camera/davinci/ov8856/dhdr_ivp.xml
    + Fixed up odm/etc/camera/davinci/ov8856/dhdr_ivp.xml
  - odm/etc/camera/davinci/ov8856/hdr.xml
    + Fixed up odm/etc/camera/davinci/ov8856/hdr.xml
  - odm/etc/camera/davinci/ov8856/hwnie.xml
    + Fixed up odm/etc/camera/davinci/ov8856/hwnie.xml
  - odm/etc/camera/davinci/ov8856/imgproc.xml
    + Fixed up odm/etc/camera/davinci/ov8856/imgproc.xml
  - odm/etc/camera/davinci/ov8856/ivp_hdr2.xml
    + Fixed up odm/etc/camera/davinci/ov8856/ivp_hdr2.xml
  - odm/etc/camera/davinci/ov8856/mddavinci/imgproc.xml
    + Fixed up odm/etc/camera/davinci/ov8856/mddavinci/imgproc.xml
  - odm/etc/camera/davinci/ov8856/multiframe.xml
    + Fixed up odm/etc/camera/davinci/ov8856/multiframe.xml
  - odm/etc/camera/dcamera/config.xml
    + Fixed up odm/etc/camera/dcamera/config.xml
  - odm/etc/camera/dcamera/dmap.xml
    + Fixed up odm/etc/camera/dcamera/dmap.xml
  - odm/etc/camera/dcamera/dual_lave_platformconfig.xml
    + Fixed up odm/etc/camera/dcamera/dual_lave_platformconfig.xml
  - odm/etc/camera/dcvalidation.xml
    + Fixed up odm/etc/camera/dcvalidation.xml
  - odm/etc/camera/dflash/calPara4Selection.txt
  - odm/etc/camera/dflash/calibration_000.txt
  - odm/etc/camera/dflash/calibration_001.txt
  - odm/etc/camera/dflash/calibration_002.txt
  - odm/etc/camera/dflash/calibration_003.txt
  - odm/etc/camera/dflash/calibration_004.txt
  - odm/etc/camera/dflash/calibration_005.txt
  - odm/etc/camera/dflash/calibration_006.txt
  - odm/etc/camera/dflash/calibration_007.txt
  - odm/etc/camera/dflash/calibration_008.txt
  - odm/etc/camera/dflash/calibration_009.txt
  - odm/etc/camera/dflash/calibration_010.txt
  - odm/etc/camera/dflash/calibration_011.txt
  - odm/etc/camera/dflash/calibration_012.txt
  - odm/etc/camera/dflash/calibration_013.txt
  - odm/etc/camera/dflash/calibration_014.txt
  - odm/etc/camera/dflash/calibration_015.txt
  - odm/etc/camera/dflash/calibration_016.txt
  - odm/etc/camera/dflash/calibration_017.txt
  - odm/etc/camera/dflash/calibration_018.txt
  - odm/etc/camera/dflash/calibration_019.txt
  - odm/etc/camera/dflash/calibration_020.txt
  - odm/etc/camera/dflash/calibration_currentindex.txt
  - odm/etc/camera/dflash/default_curren_data.txt
  - odm/etc/camera/dflash/flash_current.txt
  - odm/etc/camera/dflash/limitationgain.txt
  - odm/etc/camera/dflash/manual_flash_level.txt
  - odm/etc/camera/dflash/product_misc_config.txt
  - odm/etc/camera/dflash/rgainSlopeLimitation.txt
  - odm/etc/camera/facedetection/config.xml
    + Fixed up odm/etc/camera/facedetection/config.xml
  - odm/etc/camera/frontbokeh/0T.dat
  - odm/etc/camera/frontbokeh/1T.dat
  - odm/etc/camera/frontbokeh/2T.dat
  - odm/etc/camera/frontbokeh/3T.dat
  - odm/etc/camera/frontbokeh/4T.dat
  - odm/etc/camera/frontbokeh/5T.dat
  - odm/etc/camera/frontbokeh/6T.dat
  - odm/etc/camera/frontbokeh/7T.dat
  - odm/etc/camera/frontbokeh/8T.dat
  - odm/etc/camera/frontbokeh/FcveConfig.dat
  - odm/etc/camera/frontbokeh/blfkernelI_001.dat
  - odm/etc/camera/frontbokeh/blfkernelI_005.dat
  - odm/etc/camera/frontbokeh/blfkernelI_010.dat
  - odm/etc/camera/frontbokeh/fcve.xml
    + Fixed up odm/etc/camera/frontbokeh/fcve.xml
  - odm/etc/camera/hdccalib/hw_calib_setting.xml
    + Fixed up odm/etc/camera/hdccalib/hw_calib_setting.xml
  - odm/etc/camera/hdflash/device.config
  - odm/etc/camera/hdflash/imx386/hdflash.xml
    + Fixed up odm/etc/camera/hdflash/imx386/hdflash.xml
  - odm/etc/camera/hdflash/ov12a10/hdflash.xml
    + Fixed up odm/etc/camera/hdflash/ov12a10/hdflash.xml
  - odm/etc/camera/hwbeauty/default/hwbeauty_params.xml
    + Fixed up odm/etc/camera/hwbeauty/default/hwbeauty_params.xml
  - odm/etc/camera/hwbeauty/device.config
  - odm/etc/camera/hwbeauty/hi843/hwbeauty_params.xml
    + Fixed up odm/etc/camera/hwbeauty/hi843/hwbeauty_params.xml
  - odm/etc/camera/hwbeauty/imx219/hwbeauty_params.xml
    + Fixed up odm/etc/camera/hwbeauty/imx219/hwbeauty_params.xml
  - odm/etc/camera/hwbeauty/imx386dual/hwbeauty_params.xml
    + Fixed up odm/etc/camera/hwbeauty/imx386dual/hwbeauty_params.xml
  - odm/etc/camera/hwbeauty/ov12a10dual/hwbeauty_params.xml
    + Fixed up odm/etc/camera/hwbeauty/ov12a10dual/hwbeauty_params.xml
  - odm/etc/camera/hwbeauty/ov8856/hwbeauty_params.xml
    + Fixed up odm/etc/camera/hwbeauty/ov8856/hwbeauty_params.xml
  - odm/etc/camera/hwldc/device.config
  - odm/etc/camera/hwldc/hi843/hwldc_config.xml
    + Fixed up odm/etc/camera/hwldc/hi843/hwldc_config.xml
  - odm/etc/camera/hwldc/imx219/hwldc_config.xml
    + Fixed up odm/etc/camera/hwldc/imx219/hwldc_config.xml
  - odm/etc/camera/hwldc/ov8856/hwldc_config.xml
    + Fixed up odm/etc/camera/hwldc/ov8856/hwldc_config.xml
  - odm/etc/camera/hwscope/device.config
  - odm/etc/camera/hwscope/imx386dual/hwsz.xml
    + Fixed up odm/etc/camera/hwscope/imx386dual/hwsz.xml
  - odm/etc/camera/hwscope/imx386dual/kernel
  - odm/etc/camera/ippalgoconfig.xml
    + Fixed up odm/etc/camera/ippalgoconfig.xml
  - odm/etc/camera/ispenhnc/ispenhncalgoconfig.xml
    + Fixed up odm/etc/camera/ispenhnc/ispenhncalgoconfig.xml
  - odm/etc/camera/mempoolcfg.xml
    + Fixed up odm/etc/camera/mempoolcfg.xml
  - odm/etc/camera/mmi/afcvalidation.xml
    + Fixed up odm/etc/camera/mmi/afcvalidation.xml
  - odm/etc/camera/mmi/config.xml
    + Fixed up odm/etc/camera/mmi/config.xml
  - odm/etc/camera/mmi/dualc_mmi_platformconfig.xml
  - odm/etc/camera/mmi/hw_ois_calib_setting.xml
  - odm/etc/camera/mmi/hwhallcodeCalib.xml
    + Fixed up odm/etc/camera/mmi/hwhallcodeCalib.xml
  - odm/etc/camera/mmi7cm/STF_imx386dual/mmi7cmConfig.xml
    + Fixed up odm/etc/camera/mmi7cm/STF_imx386dual/mmi7cmConfig.xml
  - odm/etc/camera/mmi7cm/device.config
  - odm/etc/camera/mmi7cm/ov12a10dual/mmi7cmConfig.xml
    + Fixed up odm/etc/camera/mmi7cm/ov12a10dual/mmi7cmConfig.xml
  - odm/etc/camera/monitor_config.xml
    + Fixed up odm/etc/camera/monitor_config.xml
  - odm/etc/camera/motiondetection/mdconfig.xml
    + Fixed up odm/etc/camera/motiondetection/mdconfig.xml
  - odm/etc/camera/multidenoise/device.config
  - odm/etc/camera/multidenoise/hi843/dcsr_kernel2
  - odm/etc/camera/multidenoise/hi843/ivp_mfnr2.xml
    + Fixed up odm/etc/camera/multidenoise/hi843/ivp_mfnr2.xml
  - odm/etc/camera/multidenoise/hi843/multiframe.xml
    + Fixed up odm/etc/camera/multidenoise/hi843/multiframe.xml
  - odm/etc/camera/multidenoise/imx219/dcsr_kernel2
  - odm/etc/camera/multidenoise/imx219/ivp_mfnr2.xml
    + Fixed up odm/etc/camera/multidenoise/imx219/ivp_mfnr2.xml
  - odm/etc/camera/multidenoise/imx219/multiframe.xml
    + Fixed up odm/etc/camera/multidenoise/imx219/multiframe.xml
  - odm/etc/camera/multidenoise/imx386dual/colorfusion.xml
    + Fixed up odm/etc/camera/multidenoise/imx386dual/colorfusion.xml
  - odm/etc/camera/multidenoise/imx386dual/dcsr_kernel2
  - odm/etc/camera/multidenoise/imx386dual/ivp_mfnr2.xml
    + Fixed up odm/etc/camera/multidenoise/imx386dual/ivp_mfnr2.xml
  - odm/etc/camera/multidenoise/imx386dual/multiframe.xml
    + Fixed up odm/etc/camera/multidenoise/imx386dual/multiframe.xml
  - odm/etc/camera/multidenoise/multidenoise.xml
    + Fixed up odm/etc/camera/multidenoise/multidenoise.xml
  - odm/etc/camera/multidenoise/ov12a10dual/colorfusion.xml
    + Fixed up odm/etc/camera/multidenoise/ov12a10dual/colorfusion.xml
  - odm/etc/camera/multidenoise/ov12a10dual/dcsr_kernel2
  - odm/etc/camera/multidenoise/ov12a10dual/ivp_mfnr2.xml
    + Fixed up odm/etc/camera/multidenoise/ov12a10dual/ivp_mfnr2.xml
  - odm/etc/camera/multidenoise/ov12a10dual/multiframe.xml
    + Fixed up odm/etc/camera/multidenoise/ov12a10dual/multiframe.xml
  - odm/etc/camera/multidenoise/ov8856/dcsr_kernel2
  - odm/etc/camera/multidenoise/ov8856/ivp_mfnr2.xml
    + Fixed up odm/etc/camera/multidenoise/ov8856/ivp_mfnr2.xml
  - odm/etc/camera/multidenoise/ov8856/multiframe.xml
    + Fixed up odm/etc/camera/multidenoise/ov8856/multiframe.xml
  - odm/etc/camera/nicefood/device.config
  - odm/etc/camera/nicefood/imx386dual/niceFood.dat
  - odm/etc/camera/offlinealgocfg.xml
    + Fixed up odm/etc/camera/offlinealgocfg.xml
  - odm/etc/camera/opticalzoom/device.config
  - odm/etc/camera/opticalzoom/imx386dual/dcsr2.xml
    + Fixed up odm/etc/camera/opticalzoom/imx386dual/dcsr2.xml
  - odm/etc/camera/opticalzoom/imx386dual/dcsr_kernel2
  - odm/etc/camera/opticalzoom/imx386dual/hwnie.xml
    + Fixed up odm/etc/camera/opticalzoom/imx386dual/hwnie.xml
  - odm/etc/camera/opticalzoom/imx386dual/hwnie_cb.xml
    + Fixed up odm/etc/camera/opticalzoom/imx386dual/hwnie_cb.xml
  - odm/etc/camera/opticalzoom/imx386dual/hwnie_co.xml
    + Fixed up odm/etc/camera/opticalzoom/imx386dual/hwnie_co.xml
  - odm/etc/camera/opticalzoom/imx386dual/hwnie_mo.xml
    + Fixed up odm/etc/camera/opticalzoom/imx386dual/hwnie_mo.xml
  - odm/etc/camera/opticalzoom/imx386dual/hwnie_star.xml
    + Fixed up odm/etc/camera/opticalzoom/imx386dual/hwnie_star.xml
  - odm/etc/camera/opticalzoom/imx386dual/hwoz.xml
    + Fixed up odm/etc/camera/opticalzoom/imx386dual/hwoz.xml
  - odm/etc/camera/opticalzoom/imx386dual/hwoz_kernel.dat
  - odm/etc/camera/opticalzoom/imx386dual/kernel_mskr.dat
  - odm/etc/camera/opticalzoom/imx386dual/oz_ref_match_1.dat
  - odm/etc/camera/opticalzoom/imx386dual/oz_ref_match_2.dat
  - odm/etc/camera/opticalzoom/imx386dual/sr.dat
  - odm/etc/camera/opticalzoom/imx386dual/sr_lanczos_lut.dat
  - odm/etc/camera/opticalzoom/imx386dual/sr_lanczos_lut_0.dat
  - odm/etc/camera/opticalzoom/imx386dual/sr_lanczos_lut_1.dat
  - odm/etc/camera/opticalzoom/imx386dual/sr_lanczos_lut_2.dat
  - odm/etc/camera/pdafvalidation.xml
    + Fixed up odm/etc/camera/pdafvalidation.xml
  - odm/etc/camera/portrait/portraitModeConfig.xml
    + Fixed up odm/etc/camera/portrait/portraitModeConfig.xml
  - odm/etc/camera/powermonitor/config.xml
    + Fixed up odm/etc/camera/powermonitor/config.xml
  - odm/etc/camera/ppconfig.xml
    + Fixed up odm/etc/camera/ppconfig.xml
  - odm/etc/camera/relight/relight.xml
    + Fixed up odm/etc/camera/relight/relight.xml
  - odm/etc/camera/smartae/device.config
  - odm/etc/camera/smartae/hi843/SmartAE.xml
    + Fixed up odm/etc/camera/smartae/hi843/SmartAE.xml
  - odm/etc/camera/smartae/imx219/SmartAE.xml
    + Fixed up odm/etc/camera/smartae/imx219/SmartAE.xml
  - odm/etc/camera/smartae/imx386/SmartAE.xml
    + Fixed up odm/etc/camera/smartae/imx386/SmartAE.xml
  - odm/etc/camera/smartae/ov12a10/SmartAE.xml
    + Fixed up odm/etc/camera/smartae/ov12a10/SmartAE.xml
  - odm/etc/camera/smartae/ov8856/SmartAE.xml
    + Fixed up odm/etc/camera/smartae/ov8856/SmartAE.xml
  - odm/etc/camera/tornado/device.config
  - odm/etc/camera/tornado/hi843/TornadoI.ini
  - odm/etc/camera/tornado/imx219/TornadoI.ini
  - odm/etc/camera/tornado/imx386dual/TornadoI.ini
  - odm/etc/camera/tornado/ov12a10dual/TornadoI.ini
  - odm/etc/camera/tornado/ov8856/TornadoI.ini
  - odm/etc/camera/videostabilization/config.xml
    + Fixed up odm/etc/camera/videostabilization/config.xml
  - odm/etc/camera/videostabilization/param_vdh.xml
    + Fixed up odm/etc/camera/videostabilization/param_vdh.xml
  - odm/etc/firmware/bluetooth/BCM4345C0_003.001.025.0169.0000.hcd
  - odm/etc/firmware/ts/stf_novatek_STAF40100_lgd.bin
  - odm/etc/firmware/ts/stf_novatek_STAF40100_lgd_raw.csv
  - odm/etc/firmware/ts/stf_parade_STAF31080_jdi.bin
  - odm/etc/firmware/ts/stf_parade_STAF31080_jdi_limits.csv
  - odm/etc/firmware/ts/stf_synaptics_STAF11081_jdi.img
  - odm/etc/firmware/ts/stf_synaptics_STAF11081_jdi_raw.csv
  - odm/etc/firmware/ts/stf_synaptics_STAF281100_tianma_raw.csv
  - odm/etc/firmware/ts/stf_synaptics_STAF28110_tianma.img
  - odm/etc/firmware/ts/stf_synaptics_STAF28110_tianma_raw.csv
  - odm/etc/firmware/ts/stf_synaptics_STAF281300_boe_raw.csv
  - odm/etc/firmware/ts/stf_synaptics_STAF28130_boe.img
  - odm/etc/firmware/ts/stf_synaptics_STAF28130_boe_raw.csv
  - odm/etc/firmware/ts/touch_key/stf_cyp_psoc4000.cyacd
  - odm/etc/firmware/wifi/fw_bcm43455_apsta_hw.bin
  - odm/etc/firmware/wifi/fw_bcm43455_hw.bin
  - odm/etc/libnfc-nci.conf
  - odm/lib64/hwcam/hwcam.hi3660.STF.p.HI843.so
  - odm/lib64/hwcam/hwcam.hi3660.STF.p.IMX219_LITEON.so
  - odm/lib64/hwcam/hwcam.hi3660.STF.p.IMX219_SUNNY.so
  - odm/lib64/hwcam/hwcam.hi3660.STF.p.IMX386HYBIRD_STF.so
  - odm/lib64/hwcam/hwcam.hi3660.STF.p.IMX486HYBIRD_OIS_NA.so
  - odm/lib64/hwcam/hwcam.hi3660.STF.p.OV12A10HYBIRD.so
  - odm/lib64/hwcam/hwcam.hi3660.STF.p.OV8856.so
  - odm/lib64/hwcam/hwcam.hi3660.STF.s.HI843.so
  - odm/lib64/hwcam/hwcam.hi3660.STF.s.IMX219_LITEON.so
  - odm/lib64/hwcam/hwcam.hi3660.STF.s.IMX219_SUNNY.so
  - odm/lib64/hwcam/hwcam.hi3660.STF.s.IMX386HYBIRD_STF.so
  - odm/lib64/hwcam/hwcam.hi3660.STF.s.IMX486HYBIRD_OIS_NA.so
  - odm/lib64/hwcam/hwcam.hi3660.STF.s.OV12A10HYBIRD.so
  - odm/lib64/hwcam/hwcam.hi3660.STF.s.OV8856.so
  - odm/lib64/hwcam/hwcam.hi3660.m.STF.so
0x46A600
0x47E460
0x4C3D5C
0x4C5D78
0x4C73F0
    + Fixed up odm/lib64/hwcam/hwcam.hi3660.m.STF.so
  - odm/lib64/libarcsoft_beautyshot.so
  - odm/lib64/libmrc_cg_beauty.so
  - odm/lib64/libunlockmegcv.so
  - odm/lib64/libvidhance.so
  - odm/ta/sign_tool_product_ta.sec
  - odm/etc/libnfc-nxp.conf
  - vendor/etc/cfg_stf_l09_hisi.ini
  - vendor/etc/cfg_stf_l14_hisi.ini
  - vendor/etc/cfg_stf_tucl_hisi.ini
